Command: place_design
Attempting to get a license for feature 'Implementation' and/or device 'xczu2eg'
INFO: [Common 17-349] Got license for feature 'Implementation' and/or device 'xczu2eg'
INFO: [DRC 23-27] Running DRC with 4 threads
INFO: [Vivado_Tcl 4-198] DRC finished with 0 Errors
INFO: [Vivado_Tcl 4-199] Please refer to the DRC report (report_drc) for more information.
Running DRC as a precondition to command place_design
INFO: [DRC 23-27] Running DRC with 4 threads
INFO: [Vivado_Tcl 4-198] DRC finished with 0 Errors
INFO: [Vivado_Tcl 4-199] Please refer to the DRC report (report_drc) for more information.

Starting Placer Task
INFO: [Place 30-611] Multithreading enabled for place_design using a maximum of 4 CPUs

Phase 1 Placer Initialization

Phase 1.1 Placer Initialization Netlist Sorting
Netlist sorting complete. Time (s): cpu = 00:00:00 ; elapsed = 00:00:00 . Memory (MB): peak = 4076.688 ; gain = 0.000 ; free physical = 271 ; free virtual = 4988
Phase 1.1 Placer Initialization Netlist Sorting | Checksum: a1b947e1

Time (s): cpu = 00:00:00 ; elapsed = 00:00:00.02 . Memory (MB): peak = 4076.688 ; gain = 0.000 ; free physical = 271 ; free virtual = 4988
Netlist sorting complete. Time (s): cpu = 00:00:00 ; elapsed = 00:00:00 . Memory (MB): peak = 4076.688 ; gain = 0.000 ; free physical = 271 ; free virtual = 4988

Phase 1.2 IO Placement/ Clock Placement/ Build Placer Device
INFO: [Timing 38-35] Done setting XDC timing constraints.
Phase 1.2 IO Placement/ Clock Placement/ Build Placer Device | Checksum: 16a3b8c0e

Time (s): cpu = 00:00:00.29 ; elapsed = 00:00:00.19 . Memory (MB): peak = 4076.688 ; gain = 0.000 ; free physical = 257 ; free virtual = 4974

Phase 1.3 Build Placer Netlist Model
Phase 1.3 Build Placer Netlist Model | Checksum: 212b67370

Time (s): cpu = 00:00:00.47 ; elapsed = 00:00:00.34 . Memory (MB): peak = 4076.688 ; gain = 0.000 ; free physical = 269 ; free virtual = 4986

Phase 1.4 Constrain Clocks/Macros
Phase 1.4 Constrain Clocks/Macros | Checksum: 212b67370

Time (s): cpu = 00:00:00.47 ; elapsed = 00:00:00.34 . Memory (MB): peak = 4076.688 ; gain = 0.000 ; free physical = 269 ; free virtual = 4986
Phase 1 Placer Initialization | Checksum: 212b67370

Time (s): cpu = 00:00:00.47 ; elapsed = 00:00:00.34 . Memory (MB): peak = 4076.688 ; gain = 0.000 ; free physical = 269 ; free virtual = 4986

Phase 2 Global Placement

Phase 2.1 Floorplanning
Phase 2.1 Floorplanning | Checksum: 1ba09191b

Time (s): cpu = 00:00:00.67 ; elapsed = 00:00:00.47 . Memory (MB): peak = 4076.688 ; gain = 0.000 ; free physical = 262 ; free virtual = 4978

Phase 2.2 Physical Synthesis In Placer
INFO: [Physopt 32-65] No nets found for high-fanout optimization.
INFO: [Physopt 32-232] Optimized 0 net. Created 0 new instance.
INFO: [Physopt 32-775] End 1 Pass. Optimized 0 net or cell. Created 0 new cell, deleted 0 existing cell and moved 0 existing cell
INFO: [Physopt 32-670] No setup violation found.  DSP Register Optimization was not performed.
INFO: [Physopt 32-670] No setup violation found.  Shift Register Optimization was not performed.
INFO: [Physopt 32-670] No setup violation found.  BRAM Register Optimization was not performed.
INFO: [Physopt 32-949] No candidate nets found for HD net replication
INFO: [Physopt 32-775] End 1 Pass. Optimized 0 net or cell. Created 0 new cell, deleted 0 existing cell and moved 0 existing cell
Netlist sorting complete. Time (s): cpu = 00:00:00 ; elapsed = 00:00:00 . Memory (MB): peak = 4084.691 ; gain = 0.000 ; free physical = 256 ; free virtual = 4974

Summary of Physical Synthesis Optimizations
============================================


----------------------------------------------------------------------------------------------------------------------------------------
|  Optimization                  |  Added Cells  |  Removed Cells  |  Optimized Cells/Nets  |  Dont Touch  |  Iterations  |  Elapsed   |
----------------------------------------------------------------------------------------------------------------------------------------
|  Very High Fanout              |            0  |              0  |                     0  |           0  |           1  |  00:00:00  |
|  DSP Register                  |            0  |              0  |                     0  |           0  |           0  |  00:00:00  |
|  Shift Register                |            0  |              0  |                     0  |           0  |           0  |  00:00:00  |
|  BRAM Register                 |            0  |              0  |                     0  |           0  |           0  |  00:00:00  |
|  HD Interface Net Replication  |            0  |              0  |                     0  |           0  |           1  |  00:00:00  |
|  Total                         |            0  |              0  |                     0  |           0  |           2  |  00:00:00  |
----------------------------------------------------------------------------------------------------------------------------------------


Phase 2.2 Physical Synthesis In Placer | Checksum: 247f05055

Time (s): cpu = 00:00:02 ; elapsed = 00:00:01 . Memory (MB): peak = 4084.691 ; gain = 8.004 ; free physical = 256 ; free virtual = 4974
Phase 2 Global Placement | Checksum: 1a5e4e81c

Time (s): cpu = 00:00:02 ; elapsed = 00:00:01 . Memory (MB): peak = 4084.691 ; gain = 8.004 ; free physical = 256 ; free virtual = 4974

Phase 3 Detail Placement

Phase 3.1 Commit Multi Column Macros
Phase 3.1 Commit Multi Column Macros | Checksum: 1a5e4e81c

Time (s): cpu = 00:00:02 ; elapsed = 00:00:01 . Memory (MB): peak = 4084.691 ; gain = 8.004 ; free physical = 256 ; free virtual = 4974

Phase 3.2 Commit Most Macros & LUTRAMs
Phase 3.2 Commit Most Macros & LUTRAMs | Checksum: 1f0603c25

Time (s): cpu = 00:00:02 ; elapsed = 00:00:01 . Memory (MB): peak = 4084.691 ; gain = 8.004 ; free physical = 256 ; free virtual = 4973

Phase 3.3 Area Swap Optimization
Phase 3.3 Area Swap Optimization | Checksum: 1444eb9e2

Time (s): cpu = 00:00:02 ; elapsed = 00:00:01 . Memory (MB): peak = 4084.691 ; gain = 8.004 ; free physical = 256 ; free virtual = 4973

Phase 3.4 Small Shape Clustering
Phase 3.4 Small Shape Clustering | Checksum: 1eba456c5

Time (s): cpu = 00:00:02 ; elapsed = 00:00:01 . Memory (MB): peak = 4084.691 ; gain = 8.004 ; free physical = 254 ; free virtual = 4972

Phase 3.5 Flow Legalize Slice Clusters
Phase 3.5 Flow Legalize Slice Clusters | Checksum: 1aa30016e

Time (s): cpu = 00:00:02 ; elapsed = 00:00:01 . Memory (MB): peak = 4084.691 ; gain = 8.004 ; free physical = 254 ; free virtual = 4972

Phase 3.6 Slice Area Swap
Phase 3.6 Slice Area Swap | Checksum: 20d1084b5

Time (s): cpu = 00:00:02 ; elapsed = 00:00:01 . Memory (MB): peak = 4084.691 ; gain = 8.004 ; free physical = 250 ; free virtual = 4968

Phase 3.7 Commit Slice Clusters
Phase 3.7 Commit Slice Clusters | Checksum: 2311fdbbe

Time (s): cpu = 00:00:02 ; elapsed = 00:00:02 . Memory (MB): peak = 4084.691 ; gain = 8.004 ; free physical = 254 ; free virtual = 4971

Phase 3.8 Place Remaining
Phase 3.8 Place Remaining | Checksum: 1e83b8423

Time (s): cpu = 00:00:02 ; elapsed = 00:00:02 . Memory (MB): peak = 4084.691 ; gain = 8.004 ; free physical = 254 ; free virtual = 4971

Phase 3.9 Re-assign LUT pins
Phase 3.9 Re-assign LUT pins | Checksum: 206dc0644

Time (s): cpu = 00:00:02 ; elapsed = 00:00:02 . Memory (MB): peak = 4084.691 ; gain = 8.004 ; free physical = 254 ; free virtual = 4971

Phase 3.10 Pipeline Register Optimization
Phase 3.10 Pipeline Register Optimization | Checksum: 206dc0644

Time (s): cpu = 00:00:02 ; elapsed = 00:00:02 . Memory (MB): peak = 4084.691 ; gain = 8.004 ; free physical = 254 ; free virtual = 4971
Phase 3 Detail Placement | Checksum: 206dc0644

Time (s): cpu = 00:00:02 ; elapsed = 00:00:02 . Memory (MB): peak = 4084.691 ; gain = 8.004 ; free physical = 254 ; free virtual = 4971

Phase 4 Post Placement Optimization and Clean-Up

Phase 4.1 Post Commit Optimization
INFO: [Timing 38-35] Done setting XDC timing constraints.

Phase 4.1.1 Post Placement Optimization
Post Placement Optimization Initialization | Checksum: 1d853b73b

Phase 4.1.1.1 BUFG Insertion
INFO: [Place 46-46] BUFG insertion identified 0 candidate nets, 0 success, 0 bufg driver replicated, 0 skipped for placement/routing, 0 skipped for timing, 0 skipped for netlist change reason
Phase 4.1.1.1 BUFG Insertion | Checksum: 1d853b73b

Time (s): cpu = 00:00:02 ; elapsed = 00:00:02 . Memory (MB): peak = 4084.691 ; gain = 8.004 ; free physical = 253 ; free virtual = 4971
INFO: [Place 30-746] Post Placement Timing Summary WNS=18.528. For the most accurate timing information please run report_timing.
Phase 4.1.1 Post Placement Optimization | Checksum: 1e16e61af

Time (s): cpu = 00:00:02 ; elapsed = 00:00:02 . Memory (MB): peak = 4084.691 ; gain = 8.004 ; free physical = 253 ; free virtual = 4971
Phase 4.1 Post Commit Optimization | Checksum: 1e16e61af

Time (s): cpu = 00:00:02 ; elapsed = 00:00:02 . Memory (MB): peak = 4084.691 ; gain = 8.004 ; free physical = 253 ; free virtual = 4971

Phase 4.2 Post Placement Cleanup
Phase 4.2 Post Placement Cleanup | Checksum: 1e16e61af

Time (s): cpu = 00:00:02 ; elapsed = 00:00:02 . Memory (MB): peak = 4084.691 ; gain = 8.004 ; free physical = 253 ; free virtual = 4971
Netlist sorting complete. Time (s): cpu = 00:00:00 ; elapsed = 00:00:00 . Memory (MB): peak = 4084.691 ; gain = 0.000 ; free physical = 253 ; free virtual = 4970

Phase 4.3 Placer Reporting
Phase 4.3 Placer Reporting | Checksum: 2246934ca

Time (s): cpu = 00:00:03 ; elapsed = 00:00:02 . Memory (MB): peak = 4084.691 ; gain = 8.004 ; free physical = 253 ; free virtual = 4970

Phase 4.4 Final Placement Cleanup
Netlist sorting complete. Time (s): cpu = 00:00:00 ; elapsed = 00:00:00 . Memory (MB): peak = 4084.691 ; gain = 0.000 ; free physical = 253 ; free virtual = 4970
Phase 4.4 Final Placement Cleanup | Checksum: 1e0934ad4

Time (s): cpu = 00:00:03 ; elapsed = 00:00:02 . Memory (MB): peak = 4084.691 ; gain = 8.004 ; free physical = 253 ; free virtual = 4970
Phase 4 Post Placement Optimization and Clean-Up | Checksum: 1e0934ad4

Time (s): cpu = 00:00:03 ; elapsed = 00:00:02 . Memory (MB): peak = 4084.691 ; gain = 8.004 ; free physical = 253 ; free virtual = 4970
Ending Placer Task | Checksum: 150111cf9

Time (s): cpu = 00:00:03 ; elapsed = 00:00:02 . Memory (MB): peak = 4084.691 ; gain = 8.004 ; free physical = 264 ; free virtual = 4981
INFO: [Common 17-83] Releasing license: Implementation
59 Infos, 0 Warnings, 0 Critical Warnings and 0 Errors encountered.
place_design completed successfully
