Info: Running Vivado version Vivado v2018.3 (64-bit)
SW Build 2405991 on Thu Dec  6 23:36:41 MST 2018
IP Build 2404404 on Fri Dec  7 01:43:56 MST 2018
Copyright 1986-2018 Xilinx, Inc. All Rights Reserved.

#HD: Running implementation Config_shift_left_count_down_import
Writing results to: ./Implement/Config_shift_left_count_down_import
Writing reports to: ./Implement/Config_shift_left_count_down_import/reports

| ------------------- | ------------- | ------------------------- | ------------------------------------------------------------------------------------- |
| Phase               | Time in Phase | Time/Date                 | Description                                                                           |
| ------------------- | ------------- | ------------------------- | ------------------------------------------------------------------------------------- |
| link_design         | 00h:00m:02s   | 23:10:41 Fri May 01 2020  | link_design -mode default -reconfig_partitions {inst_shift inst_count} -part xczu2eg-sfva625-1-e -top top |
| ------------------- | ------------- | ------------------------- | ------------------------------------------------------------------------------------- |
| write_checkpoint    | 00h:00m:00s   | 23:10:43 Fri May 01 2020  | Post link_design checkpoint                                                           |
| ------------------- | ------------- | ------------------------- | ------------------------------------------------------------------------------------- |
| opt_design          | 00h:00m:04s   | 23:10:43 Fri May 01 2020  | opt_design                                                                            |
| ------------------- | ------------- | ------------------------- | ------------------------------------------------------------------------------------- |
| write_checkpoint    | 00h:00m:00s   | 23:10:47 Fri May 01 2020  | Post-opt_design checkpoint                                                            |
| ------------------- | ------------- | ------------------------- | ------------------------------------------------------------------------------------- |
| place_design        | 00h:00m:05s   | 23:10:47 Fri May 01 2020  | place_design                                                                          |
| ------------------- | ------------- | ------------------------- | ------------------------------------------------------------------------------------- |
| write_checkpoint    | 00h:00m:00s   | 23:10:52 Fri May 01 2020  | Post-place_design checkpoint                                                          |
| ------------------- | ------------- | ------------------------- | ------------------------------------------------------------------------------------- |
| phys_opt_design     | 00h:00m:00s   | 23:10:52 Fri May 01 2020  | phys_opt_design                                                                       |
| ------------------- | ------------- | ------------------------- | ------------------------------------------------------------------------------------- |
| write_checkpoint    | 00h:00m:01s   | 23:10:52 Fri May 01 2020  | Post-phys_opt_design checkpoint                                                       |
| ------------------- | ------------- | ------------------------- | ------------------------------------------------------------------------------------- |
| route_design        | 00h:00m:36s   | 23:10:53 Fri May 01 2020  | route_design                                                                          |
| ------------------- | ------------- | ------------------------- | ------------------------------------------------------------------------------------- |
| write_checkpoint    | 00h:00m:00s   | 23:11:29 Fri May 01 2020  | Post-route_design checkpoint                                                          |
| ------------------- | ------------- | ------------------------- | ------------------------------------------------------------------------------------- |
| report_utilization  | 00h:00m:01s   | 23:11:29 Fri May 01 2020  |                                                                                       |
| ------------------- | ------------- | ------------------------- | ------------------------------------------------------------------------------------- |
| report_route_status | 00h:00m:00s   | 23:11:30 Fri May 01 2020  |                                                                                       |
| ------------------- | ------------- | ------------------------- | ------------------------------------------------------------------------------------- |
| report_timing       | 00h:00m:00s   | 23:11:30 Fri May 01 2020  | Timing Summary                                                                        |
| ------------------- | ------------- | ------------------------- | ------------------------------------------------------------------------------------- |
Setup:
	| WNS=18.542 | TNS=0.000 | Failing Endpoints=0 | Total Endpoints=80 |
Hold:
	| WHS=0.043 | THS=0.000 | Failing Endpoints=0 | Total Endpoints=80 |
Pulse Width:
	 | WPWS=9.457 | TPWS=0.000 | Failing Endpoints=0 | Total Endpoints=66 |


Total time:		00h:00m:49s


| report_drc          | 00h:00m:04s   | 23:11:30 Fri May 01 2020  | bitstream_checks                                                                      |
| ------------------- | ------------- | ------------------------- | ------------------------------------------------------------------------------------- |

#HD: Running implementation Config_shift_left_count_down_import

| ------------------- | ------------- | ------------------------- | ------------------------------------------------------------------------------------- |
| Phase               | Time in Phase | Time/Date                 | Description                                                                           |
| ------------------- | ------------- | ------------------------- | ------------------------------------------------------------------------------------- |
| write_checkpoint    | 00h:00m:00s   | 23:11:34 Fri May 01 2020  | Write cell checkpoint for inst_shift                                                  |
| ------------------- | ------------- | ------------------------- | ------------------------------------------------------------------------------------- |
| write_checkpoint    | 00h:00m:00s   | 23:11:34 Fri May 01 2020  | Write cell checkpoint for inst_count                                                  |
| ------------------- | ------------- | ------------------------- | ------------------------------------------------------------------------------------- |
Total time:		00h:00m:00s


