Command: place_design
Attempting to get a license for feature 'Implementation' and/or device 'xczu2eg'
INFO: [Common 17-349] Got license for feature 'Implementation' and/or device 'xczu2eg'
INFO: [DRC 23-27] Running DRC with 4 threads
INFO: [Vivado_Tcl 4-198] DRC finished with 0 Errors
INFO: [Vivado_Tcl 4-199] Please refer to the DRC report (report_drc) for more information.
Running DRC as a precondition to command place_design
INFO: [DRC 23-27] Running DRC with 4 threads
INFO: [Vivado_Tcl 4-198] DRC finished with 0 Errors
INFO: [Vivado_Tcl 4-199] Please refer to the DRC report (report_drc) for more information.

Starting Placer Task
INFO: [Place 30-611] Multithreading enabled for place_design using a maximum of 4 CPUs

Phase 1 Placer Initialization

Phase 1.1 Placer Initialization Netlist Sorting
Netlist sorting complete. Time (s): cpu = 00:00:00 ; elapsed = 00:00:00 . Memory (MB): peak = 4270.863 ; gain = 0.000 ; free physical = 315 ; free virtual = 4942
Phase 1.1 Placer Initialization Netlist Sorting | Checksum: b3769d11

Time (s): cpu = 00:00:00 ; elapsed = 00:00:00.02 . Memory (MB): peak = 4270.863 ; gain = 0.000 ; free physical = 315 ; free virtual = 4942
Netlist sorting complete. Time (s): cpu = 00:00:00 ; elapsed = 00:00:00.01 . Memory (MB): peak = 4270.863 ; gain = 0.000 ; free physical = 315 ; free virtual = 4942

Phase 1.2 IO Placement/ Clock Placement/ Build Placer Device
INFO: [Timing 38-35] Done setting XDC timing constraints.
Phase 1.2 IO Placement/ Clock Placement/ Build Placer Device | Checksum: 9872621f

Time (s): cpu = 00:00:01 ; elapsed = 00:00:01 . Memory (MB): peak = 4270.863 ; gain = 0.000 ; free physical = 300 ; free virtual = 4928

Phase 1.3 Build Placer Netlist Model
Phase 1.3 Build Placer Netlist Model | Checksum: ac2c12cb

Time (s): cpu = 00:00:01 ; elapsed = 00:00:01 . Memory (MB): peak = 4270.863 ; gain = 0.000 ; free physical = 312 ; free virtual = 4940

Phase 1.4 Constrain Clocks/Macros
Phase 1.4 Constrain Clocks/Macros | Checksum: ac2c12cb

Time (s): cpu = 00:00:01 ; elapsed = 00:00:01 . Memory (MB): peak = 4270.863 ; gain = 0.000 ; free physical = 312 ; free virtual = 4940
Phase 1 Placer Initialization | Checksum: ac2c12cb

Time (s): cpu = 00:00:01 ; elapsed = 00:00:01 . Memory (MB): peak = 4270.863 ; gain = 0.000 ; free physical = 312 ; free virtual = 4940

Phase 2 Global Placement

Phase 2.1 Floorplanning
Phase 2.1 Floorplanning | Checksum: a756eb3b

Time (s): cpu = 00:00:02 ; elapsed = 00:00:02 . Memory (MB): peak = 4270.863 ; gain = 0.000 ; free physical = 306 ; free virtual = 4933

Phase 2.2 Physical Synthesis In Placer
INFO: [Physopt 32-65] No nets found for high-fanout optimization.
INFO: [Physopt 32-232] Optimized 0 net. Created 0 new instance.
INFO: [Physopt 32-775] End 1 Pass. Optimized 0 net or cell. Created 0 new cell, deleted 0 existing cell and moved 0 existing cell
INFO: [Physopt 32-670] No setup violation found.  DSP Register Optimization was not performed.
INFO: [Physopt 32-670] No setup violation found.  Shift Register Optimization was not performed.
INFO: [Physopt 32-670] No setup violation found.  BRAM Register Optimization was not performed.
INFO: [Physopt 32-949] No candidate nets found for HD net replication
INFO: [Physopt 32-775] End 1 Pass. Optimized 0 net or cell. Created 0 new cell, deleted 0 existing cell and moved 0 existing cell
Netlist sorting complete. Time (s): cpu = 00:00:00 ; elapsed = 00:00:00 . Memory (MB): peak = 4270.863 ; gain = 0.000 ; free physical = 302 ; free virtual = 4930

Summary of Physical Synthesis Optimizations
============================================


----------------------------------------------------------------------------------------------------------------------------------------
|  Optimization                  |  Added Cells  |  Removed Cells  |  Optimized Cells/Nets  |  Dont Touch  |  Iterations  |  Elapsed   |
----------------------------------------------------------------------------------------------------------------------------------------
|  Very High Fanout              |            0  |              0  |                     0  |           0  |           1  |  00:00:00  |
|  DSP Register                  |            0  |              0  |                     0  |           0  |           0  |  00:00:00  |
|  Shift Register                |            0  |              0  |                     0  |           0  |           0  |  00:00:00  |
|  BRAM Register                 |            0  |              0  |                     0  |           0  |           0  |  00:00:00  |
|  HD Interface Net Replication  |            0  |              0  |                     0  |           0  |           1  |  00:00:00  |
|  Total                         |            0  |              0  |                     0  |           0  |           2  |  00:00:00  |
----------------------------------------------------------------------------------------------------------------------------------------


Phase 2.2 Physical Synthesis In Placer | Checksum: 17f1c103f

Time (s): cpu = 00:00:03 ; elapsed = 00:00:02 . Memory (MB): peak = 4270.863 ; gain = 0.000 ; free physical = 302 ; free virtual = 4930
Phase 2 Global Placement | Checksum: 12bced8b8

Time (s): cpu = 00:00:03 ; elapsed = 00:00:02 . Memory (MB): peak = 4270.863 ; gain = 0.000 ; free physical = 302 ; free virtual = 4930

Phase 3 Detail Placement

Phase 3.1 Commit Multi Column Macros
Phase 3.1 Commit Multi Column Macros | Checksum: 12bced8b8

Time (s): cpu = 00:00:03 ; elapsed = 00:00:02 . Memory (MB): peak = 4270.863 ; gain = 0.000 ; free physical = 302 ; free virtual = 4930

Phase 3.2 Commit Most Macros & LUTRAMs
Phase 3.2 Commit Most Macros & LUTRAMs | Checksum: e4619a50

Time (s): cpu = 00:00:03 ; elapsed = 00:00:02 . Memory (MB): peak = 4270.863 ; gain = 0.000 ; free physical = 302 ; free virtual = 4930

Phase 3.3 Area Swap Optimization
Phase 3.3 Area Swap Optimization | Checksum: f1144282

Time (s): cpu = 00:00:03 ; elapsed = 00:00:02 . Memory (MB): peak = 4270.863 ; gain = 0.000 ; free physical = 302 ; free virtual = 4930

Phase 3.4 Small Shape Clustering
Phase 3.4 Small Shape Clustering | Checksum: 12ed279a8

Time (s): cpu = 00:00:03 ; elapsed = 00:00:02 . Memory (MB): peak = 4270.863 ; gain = 0.000 ; free physical = 300 ; free virtual = 4928

Phase 3.5 Flow Legalize Slice Clusters
Phase 3.5 Flow Legalize Slice Clusters | Checksum: 19d2315e6

Time (s): cpu = 00:00:03 ; elapsed = 00:00:02 . Memory (MB): peak = 4270.863 ; gain = 0.000 ; free physical = 300 ; free virtual = 4928

Phase 3.6 Slice Area Swap
Phase 3.6 Slice Area Swap | Checksum: 195c5ad94

Time (s): cpu = 00:00:03 ; elapsed = 00:00:02 . Memory (MB): peak = 4270.863 ; gain = 0.000 ; free physical = 297 ; free virtual = 4924

Phase 3.7 Commit Slice Clusters
Phase 3.7 Commit Slice Clusters | Checksum: 15ec00db8

Time (s): cpu = 00:00:03 ; elapsed = 00:00:03 . Memory (MB): peak = 4270.863 ; gain = 0.000 ; free physical = 300 ; free virtual = 4928

Phase 3.8 Place Remaining
Phase 3.8 Place Remaining | Checksum: 16de0340c

Time (s): cpu = 00:00:03 ; elapsed = 00:00:03 . Memory (MB): peak = 4270.863 ; gain = 0.000 ; free physical = 300 ; free virtual = 4928

Phase 3.9 Re-assign LUT pins
Phase 3.9 Re-assign LUT pins | Checksum: fea58421

Time (s): cpu = 00:00:03 ; elapsed = 00:00:03 . Memory (MB): peak = 4270.863 ; gain = 0.000 ; free physical = 300 ; free virtual = 4928

Phase 3.10 Pipeline Register Optimization
Phase 3.10 Pipeline Register Optimization | Checksum: fea58421

Time (s): cpu = 00:00:03 ; elapsed = 00:00:03 . Memory (MB): peak = 4270.863 ; gain = 0.000 ; free physical = 300 ; free virtual = 4928
Phase 3 Detail Placement | Checksum: fea58421

Time (s): cpu = 00:00:03 ; elapsed = 00:00:03 . Memory (MB): peak = 4270.863 ; gain = 0.000 ; free physical = 300 ; free virtual = 4928

Phase 4 Post Placement Optimization and Clean-Up

Phase 4.1 Post Commit Optimization
INFO: [Timing 38-35] Done setting XDC timing constraints.

Phase 4.1.1 Post Placement Optimization
Post Placement Optimization Initialization | Checksum: c4d14ec7

Phase 4.1.1.1 BUFG Insertion
INFO: [Place 46-46] BUFG insertion identified 0 candidate nets, 0 success, 0 bufg driver replicated, 0 skipped for placement/routing, 0 skipped for timing, 0 skipped for netlist change reason
Phase 4.1.1.1 BUFG Insertion | Checksum: c4d14ec7

Time (s): cpu = 00:00:03 ; elapsed = 00:00:03 . Memory (MB): peak = 4270.863 ; gain = 0.000 ; free physical = 300 ; free virtual = 4928
INFO: [Place 30-746] Post Placement Timing Summary WNS=18.705. For the most accurate timing information please run report_timing.
Phase 4.1.1 Post Placement Optimization | Checksum: fe68c468

Time (s): cpu = 00:00:03 ; elapsed = 00:00:03 . Memory (MB): peak = 4270.863 ; gain = 0.000 ; free physical = 300 ; free virtual = 4928
Phase 4.1 Post Commit Optimization | Checksum: fe68c468

Time (s): cpu = 00:00:03 ; elapsed = 00:00:03 . Memory (MB): peak = 4270.863 ; gain = 0.000 ; free physical = 300 ; free virtual = 4928

Phase 4.2 Post Placement Cleanup
Phase 4.2 Post Placement Cleanup | Checksum: fe68c468

Time (s): cpu = 00:00:03 ; elapsed = 00:00:03 . Memory (MB): peak = 4270.863 ; gain = 0.000 ; free physical = 304 ; free virtual = 4932
Netlist sorting complete. Time (s): cpu = 00:00:00 ; elapsed = 00:00:00 . Memory (MB): peak = 4270.863 ; gain = 0.000 ; free physical = 304 ; free virtual = 4932

Phase 4.3 Placer Reporting
Phase 4.3 Placer Reporting | Checksum: 142934b76

Time (s): cpu = 00:00:04 ; elapsed = 00:00:03 . Memory (MB): peak = 4270.863 ; gain = 0.000 ; free physical = 304 ; free virtual = 4932

Phase 4.4 Final Placement Cleanup
Netlist sorting complete. Time (s): cpu = 00:00:00 ; elapsed = 00:00:00 . Memory (MB): peak = 4270.863 ; gain = 0.000 ; free physical = 304 ; free virtual = 4932
Phase 4.4 Final Placement Cleanup | Checksum: 15db0c95d

Time (s): cpu = 00:00:04 ; elapsed = 00:00:03 . Memory (MB): peak = 4270.863 ; gain = 0.000 ; free physical = 304 ; free virtual = 4932
Phase 4 Post Placement Optimization and Clean-Up | Checksum: 15db0c95d

Time (s): cpu = 00:00:04 ; elapsed = 00:00:03 . Memory (MB): peak = 4270.863 ; gain = 0.000 ; free physical = 304 ; free virtual = 4932
Ending Placer Task | Checksum: 11261efc9

Time (s): cpu = 00:00:04 ; elapsed = 00:00:03 . Memory (MB): peak = 4270.863 ; gain = 0.000 ; free physical = 313 ; free virtual = 4941
INFO: [Common 17-83] Releasing license: Implementation
158 Infos, 2 Warnings, 0 Critical Warnings and 0 Errors encountered.
place_design completed successfully
