Command: route_design
Attempting to get a license for feature 'Implementation' and/or device 'xczu2eg'
INFO: [Common 17-349] Got license for feature 'Implementation' and/or device 'xczu2eg'
Running DRC as a precondition to command route_design
INFO: [DRC 23-27] Running DRC with 4 threads
INFO: [Vivado_Tcl 4-198] DRC finished with 0 Errors
INFO: [Vivado_Tcl 4-199] Please refer to the DRC report (report_drc) for more information.


Starting Routing Task
INFO: [Route 35-254] Multithreading enabled for route_design using a maximum of 4 CPUs
Checksum: PlaceDB: 68faa23c ConstDB: 0 ShapeSum: 653cc67f RouteDB: 442a870e

Phase 1 Build RT Design
Phase 1 Build RT Design | Checksum: 12bf2ad7d

Time (s): cpu = 00:00:37 ; elapsed = 00:00:33 . Memory (MB): peak = 4270.863 ; gain = 0.000 ; free physical = 161 ; free virtual = 4790
Post Restoration Checksum: NetGraph: b9920dc5 NumContArr: 2c1ca3c6 Constraints: 7a8d1b23 Timing: 0

Phase 2 Router Initialization

Phase 2.1 Create Timer
Phase 2.1 Create Timer | Checksum: 1603bccae

Time (s): cpu = 00:00:37 ; elapsed = 00:00:33 . Memory (MB): peak = 4270.863 ; gain = 0.000 ; free physical = 161 ; free virtual = 4790

Phase 2.2 Fix Topology Constraints
Phase 2.2 Fix Topology Constraints | Checksum: 1603bccae

Time (s): cpu = 00:00:37 ; elapsed = 00:00:33 . Memory (MB): peak = 4270.863 ; gain = 0.000 ; free physical = 132 ; free virtual = 4761

Phase 2.3 Pre Route Cleanup
Phase 2.3 Pre Route Cleanup | Checksum: 1603bccae

Time (s): cpu = 00:00:37 ; elapsed = 00:00:33 . Memory (MB): peak = 4270.863 ; gain = 0.000 ; free physical = 132 ; free virtual = 4761

Phase 2.4 Global Clock Net Routing
Phase 2.4 Global Clock Net Routing | Checksum: 184a29bf7

Time (s): cpu = 00:00:38 ; elapsed = 00:00:33 . Memory (MB): peak = 4270.863 ; gain = 0.000 ; free physical = 305 ; free virtual = 4758

Phase 2.5 Update Timing
Phase 2.5 Update Timing | Checksum: 1d1812820

Time (s): cpu = 00:00:38 ; elapsed = 00:00:34 . Memory (MB): peak = 4270.863 ; gain = 0.000 ; free physical = 305 ; free virtual = 4758
INFO: [Route 35-416] Intermediate Timing Summary | WNS=18.700 | TNS=0.000  | WHS=-0.011 | THS=-0.022 |

Phase 2 Router Initialization | Checksum: 193250e85

Time (s): cpu = 00:00:38 ; elapsed = 00:00:34 . Memory (MB): peak = 4270.863 ; gain = 0.000 ; free physical = 305 ; free virtual = 4758

Phase 3 Initial Routing
Phase 3 Initial Routing | Checksum: 15c238124

Time (s): cpu = 00:00:39 ; elapsed = 00:00:34 . Memory (MB): peak = 4270.863 ; gain = 0.000 ; free physical = 305 ; free virtual = 4759

Phase 4 Rip-up And Reroute

Phase 4.1 Global Iteration 0
INFO: [Route 35-416] Intermediate Timing Summary | WNS=18.513 | TNS=0.000  | WHS=0.043  | THS=0.000  |

Phase 4.1 Global Iteration 0 | Checksum: 348e50c6b

Time (s): cpu = 00:00:39 ; elapsed = 00:00:34 . Memory (MB): peak = 4270.863 ; gain = 0.000 ; free physical = 307 ; free virtual = 4761

Phase 4.2 Additional Iteration for Hold
Phase 4.2 Additional Iteration for Hold | Checksum: 3279f7a00

Time (s): cpu = 00:00:39 ; elapsed = 00:00:34 . Memory (MB): peak = 4270.863 ; gain = 0.000 ; free physical = 307 ; free virtual = 4760
Phase 4 Rip-up And Reroute | Checksum: 3279f7a00

Time (s): cpu = 00:00:39 ; elapsed = 00:00:34 . Memory (MB): peak = 4270.863 ; gain = 0.000 ; free physical = 307 ; free virtual = 4760

Phase 5 Delay and Skew Optimization

Phase 5.1 Delay CleanUp
Phase 5.1 Delay CleanUp | Checksum: 3279f7a00

Time (s): cpu = 00:00:39 ; elapsed = 00:00:34 . Memory (MB): peak = 4270.863 ; gain = 0.000 ; free physical = 307 ; free virtual = 4760

Phase 5.2 Clock Skew Optimization
Phase 5.2 Clock Skew Optimization | Checksum: 3279f7a00

Time (s): cpu = 00:00:39 ; elapsed = 00:00:34 . Memory (MB): peak = 4270.863 ; gain = 0.000 ; free physical = 307 ; free virtual = 4760
Phase 5 Delay and Skew Optimization | Checksum: 3279f7a00

Time (s): cpu = 00:00:39 ; elapsed = 00:00:34 . Memory (MB): peak = 4270.863 ; gain = 0.000 ; free physical = 307 ; free virtual = 4760

Phase 6 Post Hold Fix

Phase 6.1 Hold Fix Iter

Phase 6.1.1 Update Timing
Phase 6.1.1 Update Timing | Checksum: 304d0f509

Time (s): cpu = 00:00:39 ; elapsed = 00:00:34 . Memory (MB): peak = 4270.863 ; gain = 0.000 ; free physical = 307 ; free virtual = 4760
INFO: [Route 35-416] Intermediate Timing Summary | WNS=18.513 | TNS=0.000  | WHS=0.043  | THS=0.000  |

Phase 6.1 Hold Fix Iter | Checksum: 304d0f509

Time (s): cpu = 00:00:39 ; elapsed = 00:00:34 . Memory (MB): peak = 4270.863 ; gain = 0.000 ; free physical = 307 ; free virtual = 4760
Phase 6 Post Hold Fix | Checksum: 304d0f509

Time (s): cpu = 00:00:39 ; elapsed = 00:00:34 . Memory (MB): peak = 4270.863 ; gain = 0.000 ; free physical = 307 ; free virtual = 4760

Phase 7 Leaf Clock Prog Delay Opt
Phase 7 Leaf Clock Prog Delay Opt | Checksum: 28902af14

Time (s): cpu = 00:00:39 ; elapsed = 00:00:34 . Memory (MB): peak = 4270.863 ; gain = 0.000 ; free physical = 307 ; free virtual = 4760

Phase 8 Route finalize
Phase 8 Route finalize | Checksum: 36efa5278

Time (s): cpu = 00:00:39 ; elapsed = 00:00:34 . Memory (MB): peak = 4270.863 ; gain = 0.000 ; free physical = 306 ; free virtual = 4760

Phase 9 Verifying routed nets
Phase 9 Verifying routed nets | Checksum: 36efa5278

Time (s): cpu = 00:00:39 ; elapsed = 00:00:34 . Memory (MB): peak = 4270.863 ; gain = 0.000 ; free physical = 305 ; free virtual = 4759

Phase 10 Depositing Routes
Phase 10 Depositing Routes | Checksum: 36efa5278

Time (s): cpu = 00:00:39 ; elapsed = 00:00:34 . Memory (MB): peak = 4270.863 ; gain = 0.000 ; free physical = 305 ; free virtual = 4759

Phase 11 Post Router Timing
INFO: [Route 35-57] Estimated Timing Summary | WNS=18.513 | TNS=0.000  | WHS=0.043  | THS=0.000  |

INFO: [Route 35-327] The final timing numbers are based on the router estimated timing analysis. For a complete and accurate timing signoff, please run report_timing_summary.
Phase 11 Post Router Timing | Checksum: 36efa5278

Time (s): cpu = 00:00:39 ; elapsed = 00:00:34 . Memory (MB): peak = 4270.863 ; gain = 0.000 ; free physical = 307 ; free virtual = 4760
INFO: [Route 35-16] Router Completed Successfully

Time (s): cpu = 00:00:40 ; elapsed = 00:00:35 . Memory (MB): peak = 4292.980 ; gain = 22.117 ; free physical = 339 ; free virtual = 4793
INFO: [Common 17-83] Releasing license: Implementation
180 Infos, 2 Warnings, 0 Critical Warnings and 0 Errors encountered.
route_design completed successfully
route_design: Time (s): cpu = 00:00:42 ; elapsed = 00:00:37 . Memory (MB): peak = 4292.980 ; gain = 22.117 ; free physical = 339 ; free virtual = 4793
